#
# A fatal error has been detected by the Java Runtime Environment:
#
#  EXCEPTION_ACCESS_VIOLATION (0xc0000005) at pc=0x000000006407a0a5, pid=12004, tid=0x00000000000039d4
#
# JRE version: Java(TM) SE Runtime Environment (8.0_101-b13) (build 1.8.0_101-b13)
# Java VM: Java HotSpot(TM) 64-Bit Server VM (25.101-b13 mixed mode windows-amd64 compressed oops)
# Problematic frame:
# V  [jvm.dll+0x12a0a5]
#
# Failed to write core dump. Minidumps are not enabled by default on client versions of Windows
#
# If you would like to submit a bug report, please visit:
#   http://bugreport.java.com/bugreport/crash.jsp
#

---------------  T H R E A D  ---------------

Current thread (0x000000001bc72000):  JavaThread "JDWP Transport Listener: dt_socket" daemon [_thread_in_vm, id=14804, stack(0x000000001d800000,0x000000001d900000)]

siginfo: ExceptionCode=0xc0000005, reading address 0xffffffffffffffff

Registers:
RAX=0x000000001d8ff401, RBX=0x000000001bc72000, RCX=0x003b726570706100, RDX=0x0000000000000000
RSP=0x000000001d8ff440, RBP=0x003b726570706100, RSI=0x000000001d8ff558, RDI=0x0000000004aa8dd0
R8 =0x000000001bc72000, R9 =0x0000000000008000, R10=0x0000000025470780, R11=0x0000000021d2a7b1
R12=0x0000000000000000, R13=0x000000001bc80018, R14=0x0000000000000000, R15=0x0000000000000000
RIP=0x000000006407a0a5, EFLAGS=0x0000000000010206

Top of Stack: (sp=0x000000001d8ff440)
0x000000001d8ff440:   000000001bc72000 000000001bc72000
0x000000001d8ff450:   000000001d8ff508 0000000064282f0b
0x000000001d8ff460:   000000001bc72000 000000006429f76d
0x000000001d8ff470:   0000000000000000 0000000062f39155
0x000000001d8ff480:   00000000222c3a08 0000000062f4291e
0x000000001d8ff490:   000000001bc72000 0000000000000000
0x000000001d8ff4a0:   0000000000000000 0000000000000000
0x000000001d8ff4b0:   003b726570706100 0000000062f41a15
0x000000001d8ff4c0:   000000001d8ff558 000000001d8ff530
0x000000001d8ff4d0:   0000000000000001 00000000222c3a08
0x000000001d8ff4e0:   003b726570706100 0000000062f253b3
0x000000001d8ff4f0:   000000001d8ff620 0000000000000001
0x000000001d8ff500:   0000000000000001 00000000222c3a08
0x000000001d8ff510:   00000000f000100a 0000000000000000
0x000000001d8ff520:   0000000000000000 0000000000000000
0x000000001d8ff530:   0000000000000001 0000000062f25571 

Instructions: (pc=0x000000006407a0a5)
0x000000006407a085:   cc cc cc cc cc cc cc cc cc cc cc 48 83 ec 28 48
0x000000006407a095:   85 c9 75 07 33 c0 48 83 c4 28 c3 48 89 5c 24 20
0x000000006407a0a5:   48 8b 19 48 85 db 74 20 48 83 fb 37 74 1a 48 8b
0x000000006407a0b5:   13 48 8b cb ff 52 10 84 c0 74 0d 48 8b c3 48 8b 


Register to memory mapping:

RAX=0x000000001d8ff401 is pointing into the stack for thread: 0x000000001bc72000
RBX=0x000000001bc72000 is a thread
RCX=0x003b726570706100 is an unknown value
RDX=0x0000000000000000 is an unknown value
RSP=0x000000001d8ff440 is pointing into the stack for thread: 0x000000001bc72000
RBP=0x003b726570706100 is an unknown value
RSI=0x000000001d8ff558 is pointing into the stack for thread: 0x000000001bc72000
RDI=0x0000000004aa8dd0 is an unknown value
R8 =0x000000001bc72000 is a thread
R9 =0x0000000000008000 is an unknown value
R10=0x0000000025470780 is an unknown value
R11=0x0000000021d2a7b1 is an unknown value
R12=0x0000000000000000 is an unknown value
R13=0x000000001bc80018 is an unknown value
R14=0x0000000000000000 is an unknown value
R15=0x0000000000000000 is an unknown value


Stack: [0x000000001d800000,0x000000001d900000],  sp=0x000000001d8ff440,  free space=1021k
Native frames: (J=compiled Java code, j=interpreted, Vv=VM code, C=native code)
V  [jvm.dll+0x12a0a5]
V  [jvm.dll+0x34f76d]
C  [jdwp.dll+0x21a15]
C  [jdwp.dll+0x53b3]
C  [jdwp.dll+0x5571]
C  [jdwp.dll+0xf0a8]
C  [jdwp.dll+0x1f2d5]
C  [jdwp.dll+0x1f4aa]
V  [jvm.dll+0x1bd258]
V  [jvm.dll+0x2451a4]
V  [jvm.dll+0x29c18a]
C  [msvcr100.dll+0x21d9f]
C  [msvcr100.dll+0x21e3b]
C  [KERNEL32.DLL+0x11fe4]
C  [ntdll.dll+0x6f061]


---------------  P R O C E S S  ---------------

Java Threads: ( => current thread )
  0x000000002219f800 JavaThread "DestroyJavaVM" [_thread_blocked, id=18664, stack(0x00000000048f0000,0x00000000049f0000)]
  0x0000000022199000 JavaThread "http-nio-9080-AsyncTimeout" daemon [_thread_blocked, id=6560, stack(0x0000000027550000,0x0000000027650000)]
  0x000000002219a800 JavaThread "http-nio-9080-Acceptor-0" daemon [_thread_in_native, id=11396, stack(0x0000000027450000,0x0000000027550000)]
  0x000000002219b000 JavaThread "http-nio-9080-ClientPoller-1" daemon [_thread_in_native, id=1268, stack(0x0000000027350000,0x0000000027450000)]
  0x000000002219f000 JavaThread "http-nio-9080-ClientPoller-0" daemon [_thread_in_native, id=1040, stack(0x0000000027250000,0x0000000027350000)]
  0x000000002219d800 JavaThread "http-nio-9080-exec-10" daemon [_thread_blocked, id=8708, stack(0x0000000027150000,0x0000000027250000)]
  0x0000000022198000 JavaThread "http-nio-9080-exec-9" daemon [_thread_blocked, id=8408, stack(0x0000000027050000,0x0000000027150000)]
  0x000000002219e000 JavaThread "http-nio-9080-exec-8" daemon [_thread_blocked, id=16448, stack(0x0000000026f50000,0x0000000027050000)]
  0x000000001ff09000 JavaThread "http-nio-9080-exec-7" daemon [_thread_blocked, id=4352, stack(0x0000000026e50000,0x0000000026f50000)]
  0x000000001ff0c000 JavaThread "http-nio-9080-exec-6" daemon [_thread_blocked, id=15728, stack(0x0000000026d50000,0x0000000026e50000)]
  0x000000001ff0a800 JavaThread "http-nio-9080-exec-5" daemon [_thread_blocked, id=3436, stack(0x0000000026c50000,0x0000000026d50000)]
  0x000000001ff0b800 JavaThread "http-nio-9080-exec-4" daemon [_thread_blocked, id=15252, stack(0x0000000026b50000,0x0000000026c50000)]
  0x000000001ff07800 JavaThread "http-nio-9080-exec-3" daemon [_thread_blocked, id=7032, stack(0x0000000026a50000,0x0000000026b50000)]
  0x000000001ff07000 JavaThread "http-nio-9080-exec-2" daemon [_thread_blocked, id=18948, stack(0x0000000026950000,0x0000000026a50000)]
  0x000000001ff0d000 JavaThread "http-nio-9080-exec-1" daemon [_thread_blocked, id=3732, stack(0x0000000026850000,0x0000000026950000)]
  0x000000001ff0d800 JavaThread "NioBlockingSelector.BlockPoller-1" daemon [_thread_in_native, id=9164, stack(0x0000000026750000,0x0000000026850000)]
  0x000000001ff0a000 JavaThread "HikariPool-1 housekeeper" daemon [_thread_blocked, id=13796, stack(0x0000000023780000,0x0000000023880000)]
  0x000000001fdfd800 JavaThread "container-0" [_thread_blocked, id=7056, stack(0x0000000023380000,0x0000000023480000)]
  0x000000001fdfc800 JavaThread "ContainerBackgroundProcessor[StandardEngine[Tomcat]]" daemon [_thread_blocked, id=15004, stack(0x0000000023280000,0x0000000023380000)]
  0x000000001fea7800 JavaThread "Abandoned connection cleanup thread" daemon [_thread_blocked, id=16476, stack(0x0000000023180000,0x0000000023280000)]
  0x00000000203d0000 JavaThread "JMX server connection timeout 21" daemon [_thread_blocked, id=16104, stack(0x00000000218b0000,0x00000000219b0000)]
  0x00000000203d3800 JavaThread "RMI Scheduler(0)" daemon [_thread_blocked, id=3616, stack(0x00000000217b0000,0x00000000218b0000)]
  0x00000000203c4000 JavaThread "RMI TCP Connection(idle)" daemon [_thread_blocked, id=17156, stack(0x00000000216b0000,0x00000000217b0000)]
  0x000000001e872800 JavaThread "RMI TCP Accept-0" daemon [_thread_in_native, id=2100, stack(0x000000001ed00000,0x000000001ee00000)]
  0x000000001e80a000 JavaThread "RMI TCP Accept-60974" daemon [_thread_in_native, id=18468, stack(0x000000001ec00000,0x000000001ed00000)]
  0x000000001e85e800 JavaThread "RMI TCP Accept-0" daemon [_thread_in_native, id=220, stack(0x000000001eb00000,0x000000001ec00000)]
  0x000000001de4f000 JavaThread "Service Thread" daemon [_thread_blocked, id=10424, stack(0x000000001e200000,0x000000001e300000)]
  0x000000001bc9c800 JavaThread "C1 CompilerThread2" daemon [_thread_blocked, id=13664, stack(0x000000001dd00000,0x000000001de00000)]
  0x000000001bc99800 JavaThread "C2 CompilerThread1" daemon [_thread_blocked, id=5648, stack(0x000000001dc00000,0x000000001dd00000)]
  0x000000001bc90800 JavaThread "C2 CompilerThread0" daemon [_thread_blocked, id=18392, stack(0x000000001db00000,0x000000001dc00000)]
  0x000000001bc8f000 JavaThread "JDWP Command Reader" daemon [_thread_in_native, id=17360, stack(0x000000001da00000,0x000000001db00000)]
  0x000000001bc84800 JavaThread "JDWP Event Helper Thread" daemon [_thread_blocked, id=10916, stack(0x000000001d900000,0x000000001da00000)]
=>0x000000001bc72000 JavaThread "JDWP Transport Listener: dt_socket" daemon [_thread_in_vm, id=14804, stack(0x000000001d800000,0x000000001d900000)]
  0x000000001bc6b000 JavaThread "Attach Listener" daemon [_thread_blocked, id=15564, stack(0x000000001d2e0000,0x000000001d3e0000)]
  0x000000001bc6a000 JavaThread "Signal Dispatcher" daemon [_thread_blocked, id=13204, stack(0x000000001d1e0000,0x000000001d2e0000)]
  0x000000001bc50000 JavaThread "Finalizer" daemon [_thread_blocked, id=7780, stack(0x000000001cec0000,0x000000001cfc0000)]
  0x0000000004ba8000 JavaThread "Reference Handler" daemon [_thread_blocked, id=17332, stack(0x000000001cdc0000,0x000000001cec0000)]

Other Threads:
  0x000000001bc27800 VMThread [stack: 0x000000001ccc0000,0x000000001cdc0000] [id=10768]
  0x000000001e874800 WatcherThread [stack: 0x000000001ee00000,0x000000001ef00000] [id=18096]

VM state:not at safepoint (normal execution)

VM Mutex/Monitor currently owned by a thread: None

Heap:
 PSYoungGen      total 594432K, used 329325K [0x0000000780780000, 0x00000007b0b80000, 0x00000007c0000000)
  eden space 567808K, 54% used [0x0000000780780000,0x0000000793396ab0,0x00000007a3200000)
  from space 26624K, 82% used [0x00000007a3200000,0x00000007a4784a98,0x00000007a4c00000)
  to   space 28672K, 0% used [0x00000007aef80000,0x00000007aef80000,0x00000007b0b80000)
 ParOldGen       total 161792K, used 74241K [0x0000000701600000, 0x000000070b400000, 0x0000000780780000)
  object space 161792K, 45% used [0x0000000701600000,0x0000000705e807c8,0x000000070b400000)
 Metaspace       used 77919K, capacity 82494K, committed 82648K, reserved 1120256K
  class space    used 10712K, capacity 11456K, committed 11520K, reserved 1048576K

Card table byte_map: [0x0000000013f70000,0x0000000014570000] byte_map_base: 0x0000000010765000

Marking Bits: (ParMarkBitMap*) 0x000000006476a6d0
 Begin Bits: [0x0000000014d70000, 0x0000000017d18000)
 End Bits:   [0x0000000017d18000, 0x000000001acc0000)

Polling page: 0x0000000002b20000

CodeCache: size=245760Kb used=21696Kb max_used=21696Kb free=224063Kb
 bounds [0x0000000004bb0000, 0x00000000060f0000, 0x0000000013bb0000]
 total_blobs=11905 nmethods=11307 adapters=516
 compilation: enabled

Compilation events (10 events):
Event: 137.246 Thread 0x000000001bc9c800 11536       1       java.util.concurrent.atomic.AtomicLong::set (6 bytes)
Event: 137.246 Thread 0x000000001bc9c800 nmethod 11536 0x00000000060e2690 code [0x00000000060e27e0, 0x00000000060e2910]
Event: 138.247 Thread 0x000000001bc9c800 11537       1       org.apache.tomcat.util.net.NioEndpoint::access$000 (4 bytes)
Event: 138.247 Thread 0x000000001bc9c800 nmethod 11537 0x00000000060e2990 code [0x00000000060e2ae0, 0x00000000060e2bd0]
Event: 139.011 Thread 0x000000001bc9c800 11538   !   1       org.apache.tomcat.util.net.NioEndpoint$Poller::timeout (493 bytes)
Event: 139.013 Thread 0x000000001bc9c800 nmethod 11538 0x00000000060e2c50 code [0x00000000060e2f60, 0x00000000060e3dd8]
Event: 147.031 Thread 0x000000001bc9c800 11539       1       org.apache.catalina.webresources.Cache$EvictionOrder::compare (13 bytes)
Event: 147.031 Thread 0x000000001bc9c800 nmethod 11539 0x00000000060e4ed0 code [0x00000000060e5040, 0x00000000060e5230]
Event: 147.031 Thread 0x000000001bc9c800 11540       1       org.apache.catalina.webresources.Cache$EvictionOrder::compare (31 bytes)
Event: 147.031 Thread 0x000000001bc9c800 nmethod 11540 0x00000000060e5390 code [0x00000000060e54e0, 0x00000000060e5650]

GC Heap History (10 events):
Event: 7.947 GC heap before
{Heap before GC invocations=12 (full 2):
 PSYoungGen      total 314368K, used 293888K [0x0000000780780000, 0x000000079d900000, 0x00000007c0000000)
  eden space 293888K, 100% used [0x0000000780780000,0x0000000792680000,0x0000000792680000)
  from space 20480K, 0% used [0x0000000792680000,0x0000000792680000,0x0000000793a80000)
  to   space 19456K, 0% used [0x000000079c600000,0x000000079c600000,0x000000079d900000)
 ParOldGen       total 107008K, used 23754K [0x0000000701600000, 0x0000000707e80000, 0x0000000780780000)
  object space 107008K, 22% used [0x0000000701600000,0x0000000702d32870,0x0000000707e80000)
 Metaspace       used 42473K, capacity 44546K, committed 44888K, reserved 1087488K
  class space    used 5849K, capacity 6216K, committed 6272K, reserved 1048576K
Event: 7.968 GC heap after
Heap after GC invocations=12 (full 2):
 PSYoungGen      total 435200K, used 19444K [0x0000000780780000, 0x000000079d900000, 0x00000007c0000000)
  eden space 415744K, 0% used [0x0000000780780000,0x0000000780780000,0x0000000799d80000)
  from space 19456K, 99% used [0x000000079c600000,0x000000079d8fd110,0x000000079d900000)
  to   space 23040K, 0% used [0x000000079ac00000,0x000000079ac00000,0x000000079c280000)
 ParOldGen       total 107008K, used 25992K [0x0000000701600000, 0x0000000707e80000, 0x0000000780780000)
  object space 107008K, 24% used [0x0000000701600000,0x0000000702f62290,0x0000000707e80000)
 Metaspace       used 42473K, capacity 44546K, committed 44888K, reserved 1087488K
  class space    used 5849K, capacity 6216K, committed 6272K, reserved 1048576K
}
Event: 12.686 GC heap before
{Heap before GC invocations=13 (full 2):
 PSYoungGen      total 435200K, used 375925K [0x0000000780780000, 0x000000079d900000, 0x00000007c0000000)
  eden space 415744K, 85% used [0x0000000780780000,0x00000007963a0480,0x0000000799d80000)
  from space 19456K, 99% used [0x000000079c600000,0x000000079d8fd110,0x000000079d900000)
  to   space 23040K, 0% used [0x000000079ac00000,0x000000079ac00000,0x000000079c280000)
 ParOldGen       total 107008K, used 25992K [0x0000000701600000, 0x0000000707e80000, 0x0000000780780000)
  object space 107008K, 24% used [0x0000000701600000,0x0000000702f62290,0x0000000707e80000)
 Metaspace       used 56235K, capacity 58976K, committed 59028K, reserved 1099776K
  class space    used 7945K, capacity 8421K, committed 8448K, reserved 1048576K
Event: 12.728 GC heap after
Heap after GC invocations=13 (full 2):
 PSYoungGen      total 453632K, used 18509K [0x0000000780780000, 0x00000007a6900000, 0x00000007c0000000)
  eden space 430592K, 0% used [0x0000000780780000,0x0000000780780000,0x000000079ac00000)
  from space 23040K, 80% used [0x000000079ac00000,0x000000079be13428,0x000000079c280000)
  to   space 24576K, 0% used [0x00000007a5100000,0x00000007a5100000,0x00000007a6900000)
 ParOldGen       total 107008K, used 41292K [0x0000000701600000, 0x0000000707e80000, 0x0000000780780000)
  object space 107008K, 38% used [0x0000000701600000,0x0000000703e531a8,0x0000000707e80000)
 Metaspace       used 56235K, capacity 58976K, committed 59028K, reserved 1099776K
  class space    used 7945K, capacity 8421K, committed 8448K, reserved 1048576K
}
Event: 12.728 GC heap before
{Heap before GC invocations=14 (full 3):
 PSYoungGen      total 453632K, used 18509K [0x0000000780780000, 0x00000007a6900000, 0x00000007c0000000)
  eden space 430592K, 0% used [0x0000000780780000,0x0000000780780000,0x000000079ac00000)
  from space 23040K, 80% used [0x000000079ac00000,0x000000079be13428,0x000000079c280000)
  to   space 24576K, 0% used [0x00000007a5100000,0x00000007a5100000,0x00000007a6900000)
 ParOldGen       total 107008K, used 41292K [0x0000000701600000, 0x0000000707e80000, 0x0000000780780000)
  object space 107008K, 38% used [0x0000000701600000,0x0000000703e531a8,0x0000000707e80000)
 Metaspace       used 56235K, capacity 58976K, committed 59028K, reserved 1099776K
  class space    used 7945K, capacity 8421K, committed 8448K, reserved 1048576K
Event: 12.991 GC heap after
Heap after GC invocations=14 (full 3):
 PSYoungGen      total 453632K, used 0K [0x0000000780780000, 0x00000007a6900000, 0x00000007c0000000)
  eden space 430592K, 0% used [0x0000000780780000,0x0000000780780000,0x000000079ac00000)
  from space 23040K, 0% used [0x000000079ac00000,0x000000079ac00000,0x000000079c280000)
  to   space 24576K, 0% used [0x00000007a5100000,0x00000007a5100000,0x00000007a6900000)
 ParOldGen       total 161792K, used 55439K [0x0000000701600000, 0x000000070b400000, 0x0000000780780000)
  object space 161792K, 34% used [0x0000000701600000,0x0000000704c23d70,0x000000070b400000)
 Metaspace       used 56235K, capacity 58976K, committed 59028K, reserved 1099776K
  class space    used 7945K, capacity 8421K, committed 8448K, reserved 1048576K
}
Event: 16.442 GC heap before
{Heap before GC invocations=15 (full 3):
 PSYoungGen      total 453632K, used 430592K [0x0000000780780000, 0x00000007a6900000, 0x00000007c0000000)
  eden space 430592K, 100% used [0x0000000780780000,0x000000079ac00000,0x000000079ac00000)
  from space 23040K, 0% used [0x000000079ac00000,0x000000079ac00000,0x000000079c280000)
  to   space 24576K, 0% used [0x00000007a5100000,0x00000007a5100000,0x00000007a6900000)
 ParOldGen       total 161792K, used 55439K [0x0000000701600000, 0x000000070b400000, 0x0000000780780000)
  object space 161792K, 34% used [0x0000000701600000,0x0000000704c23d70,0x000000070b400000)
 Metaspace       used 62970K, capacity 66142K, committed 66264K, reserved 1105920K
  class space    used 8559K, capacity 9096K, committed 9216K, reserved 1048576K
Event: 16.465 GC heap after
Heap after GC invocations=15 (full 3):
 PSYoungGen      total 588800K, used 21362K [0x0000000780780000, 0x00000007a6600000, 0x00000007c0000000)
  eden space 567296K, 0% used [0x0000000780780000,0x0000000780780000,0x00000007a3180000)
  from space 21504K, 99% used [0x00000007a5100000,0x00000007a65dc870,0x00000007a6600000)
  to   space 26624K, 0% used [0x00000007a3200000,0x00000007a3200000,0x00000007a4c00000)
 ParOldGen       total 161792K, used 55447K [0x0000000701600000, 0x000000070b400000, 0x0000000780780000)
  object space 161792K, 34% used [0x0000000701600000,0x0000000704c25d70,0x000000070b400000)
 Metaspace       used 62970K, capacity 66142K, committed 66264K, reserved 1105920K
  class space    used 8559K, capacity 9096K, committed 9216K, reserved 1048576K
}
Event: 20.254 GC heap before
{Heap before GC invocations=16 (full 3):
 PSYoungGen      total 588800K, used 588658K [0x0000000780780000, 0x00000007a6600000, 0x00000007c0000000)
  eden space 567296K, 100% used [0x0000000780780000,0x00000007a3180000,0x00000007a3180000)
  from space 21504K, 99% used [0x00000007a5100000,0x00000007a65dc870,0x00000007a6600000)
  to   space 26624K, 0% used [0x00000007a3200000,0x00000007a3200000,0x00000007a4c00000)
 ParOldGen       total 161792K, used 55447K [0x0000000701600000, 0x000000070b400000, 0x0000000780780000)
  object space 161792K, 34% used [0x0000000701600000,0x0000000704c25d70,0x000000070b400000)
 Metaspace       used 71034K, capacity 75048K, committed 75224K, reserved 1114112K
  class space    used 9779K, capacity 10433K, committed 10496K, reserved 1048576K
Event: 20.299 GC heap after
Heap after GC invocations=16 (full 3):
 PSYoungGen      total 594432K, used 22034K [0x0000000780780000, 0x00000007b0b80000, 0x00000007c0000000)
  eden space 567808K, 0% used [0x0000000780780000,0x0000000780780000,0x00000007a3200000)
  from space 26624K, 82% used [0x00000007a3200000,0x00000007a4784a98,0x00000007a4c00000)
  to   space 28672K, 0% used [0x00000007aef80000,0x00000007aef80000,0x00000007b0b80000)
 ParOldGen       total 161792K, used 74241K [0x0000000701600000, 0x000000070b400000, 0x0000000780780000)
  object space 161792K, 45% used [0x0000000701600000,0x0000000705e807c8,0x000000070b400000)
 Metaspace       used 71034K, capacity 75048K, committed 75224K, reserved 1114112K
  class space    used 9779K, capacity 10433K, committed 10496K, reserved 1048576K
}

Deoptimization events (0 events):
No events

Internal exceptions (10 events):
Event: 50.859 Thread 0x0000000022198000 Exception <a 'java/lang/ArrayIndexOutOfBoundsException'> (0x000000079259ca00) thrown at [C:\re\workspace\8-2-build-windows-amd64-cygwin\jdk8u101\7261\hotspot\src\share\vm\runtime\sharedRuntime.cpp, line 605]
Event: 50.860 Thread 0x0000000022198000 Exception <a 'java/lang/ArrayIndexOutOfBoundsException'> (0x000000079259e370) thrown at [C:\re\workspace\8-2-build-windows-amd64-cygwin\jdk8u101\7261\hotspot\src\share\vm\runtime\sharedRuntime.cpp, line 605]
Event: 50.929 Thread 0x000000001ff07000 Exception <a 'java/lang/ArrayIndexOutOfBoundsException'> (0x0000000792734430) thrown at [C:\re\workspace\8-2-build-windows-amd64-cygwin\jdk8u101\7261\hotspot\src\share\vm\runtime\sharedRuntime.cpp, line 605]
Event: 50.966 Thread 0x000000001ff07000 Exception <a 'java/lang/ArrayIndexOutOfBoundsException'> (0x000000079291b520) thrown at [C:\re\workspace\8-2-build-windows-amd64-cygwin\jdk8u101\7261\hotspot\src\share\vm\runtime\sharedRuntime.cpp, line 605]
Event: 50.966 Thread 0x000000001ff07000 Exception <a 'java/lang/ArrayIndexOutOfBoundsException'> (0x000000079291ee50) thrown at [C:\re\workspace\8-2-build-windows-amd64-cygwin\jdk8u101\7261\hotspot\src\share\vm\runtime\sharedRuntime.cpp, line 605]
Event: 50.966 Thread 0x000000001ff07000 Exception <a 'java/lang/ArrayIndexOutOfBoundsException'> (0x0000000792920490) thrown at [C:\re\workspace\8-2-build-windows-amd64-cygwin\jdk8u101\7261\hotspot\src\share\vm\runtime\sharedRuntime.cpp, line 605]
Event: 50.967 Thread 0x000000001ff07000 Exception <a 'java/lang/ArrayIndexOutOfBoundsException'> (0x0000000792921ab0) thrown at [C:\re\workspace\8-2-build-windows-amd64-cygwin\jdk8u101\7261\hotspot\src\share\vm\runtime\sharedRuntime.cpp, line 605]
Event: 50.967 Thread 0x000000001ff07000 Exception <a 'java/lang/ArrayIndexOutOfBoundsException'> (0x0000000792923198) thrown at [C:\re\workspace\8-2-build-windows-amd64-cygwin\jdk8u101\7261\hotspot\src\share\vm\runtime\sharedRuntime.cpp, line 605]
Event: 50.968 Thread 0x000000001ff07000 Exception <a 'java/lang/ArrayIndexOutOfBoundsException'> (0x000000079292f0e8) thrown at [C:\re\workspace\8-2-build-windows-amd64-cygwin\jdk8u101\7261\hotspot\src\share\vm\runtime\sharedRuntime.cpp, line 605]
Event: 50.968 Thread 0x000000001ff07000 Exception <a 'java/lang/ArrayIndexOutOfBoundsException'> (0x00000007929311d0) thrown at [C:\re\workspace\8-2-build-windows-amd64-cygwin\jdk8u101\7261\hotspot\src\share\vm\runtime\sharedRuntime.cpp, line 605]

Events (10 events):
Event: 110.233 loading class java/io/InterruptedIOException done
Event: 110.233 loading class java/net/SocketTimeoutException done
Event: 110.233 Executing VM operation: RevokeBias
Event: 110.234 Executing VM operation: RevokeBias done
Event: 110.234 Executing VM operation: RevokeBias
Event: 110.234 Executing VM operation: RevokeBias done
Event: 110.999 Executing VM operation: RevokeBias
Event: 110.999 Executing VM operation: RevokeBias done
Event: 148.441 Executing VM operation: RedefineClasses
Event: 148.498 Executing VM operation: RedefineClasses done


Dynamic libraries:
0x00007ff742b30000 - 0x00007ff742b67000 	C:\Program Files\Java\jre1.8.0_101\bin\javaw.exe
0x00007ff980d80000 - 0x00007ff980f60000 	C:\WINDOWS\SYSTEM32\ntdll.dll
0x00007ff980550000 - 0x00007ff9805fe000 	C:\WINDOWS\System32\KERNEL32.DLL
0x00007ff97d280000 - 0x00007ff97d4e6000 	C:\WINDOWS\System32\KERNELBASE.dll
0x00007ff980910000 - 0x00007ff9809b1000 	C:\WINDOWS\System32\ADVAPI32.dll
0x00007ff980b50000 - 0x00007ff980bed000 	C:\WINDOWS\System32\msvcrt.dll
0x00007ff980250000 - 0x00007ff9802ab000 	C:\WINDOWS\System32\sechost.dll
0x00007ff980c30000 - 0x00007ff980d4f000 	C:\WINDOWS\System32\RPCRT4.dll
0x00007ff9809c0000 - 0x00007ff980b4f000 	C:\WINDOWS\System32\USER32.dll
0x00007ff97e230000 - 0x00007ff97e250000 	C:\WINDOWS\System32\win32u.dll
0x00007ff980c00000 - 0x00007ff980c28000 	C:\WINDOWS\System32\GDI32.dll
0x00007ff97d7e0000 - 0x00007ff97d973000 	C:\WINDOWS\System32\gdi32full.dll
0x00007ff97d6c0000 - 0x00007ff97d75b000 	C:\WINDOWS\System32\msvcp_win.dll
0x00007ff97d180000 - 0x00007ff97d276000 	C:\WINDOWS\System32\ucrtbase.dll
0x00007ff96cd80000 - 0x00007ff96cfe9000 	C:\WINDOWS\WinSxS\amd64_microsoft.windows.common-controls_6595b64144ccf1df_6.0.16299.371_none_15c7d1789365a290\COMCTL32.dll
0x00007ff980600000 - 0x00007ff980908000 	C:\WINDOWS\System32\combase.dll
0x00007ff97d760000 - 0x00007ff97d7d2000 	C:\WINDOWS\System32\bcryptPrimitives.dll
0x00007ff980420000 - 0x00007ff98044d000 	C:\WINDOWS\System32\IMM32.DLL
0x0000000063970000 - 0x0000000063a42000 	C:\Program Files\Java\jre1.8.0_101\bin\msvcr100.dll
0x0000000063f50000 - 0x00000000647ea000 	C:\Program Files\Java\jre1.8.0_101\bin\server\jvm.dll
0x00007ff980bf0000 - 0x00007ff980bf8000 	C:\WINDOWS\System32\PSAPI.DLL
0x00007ff96cb10000 - 0x00007ff96cb19000 	C:\WINDOWS\SYSTEM32\WSOCK32.dll
0x00007ff97a3b0000 - 0x00007ff97a3d3000 	C:\WINDOWS\SYSTEM32\WINMM.dll
0x00007ff9801e0000 - 0x00007ff98024c000 	C:\WINDOWS\System32\WS2_32.dll
0x00007ff9731f0000 - 0x00007ff9731fa000 	C:\WINDOWS\SYSTEM32\VERSION.dll
0x00007ff97a380000 - 0x00007ff97a3aa000 	C:\WINDOWS\SYSTEM32\WINMMBASE.dll
0x00007ff97d9e0000 - 0x00007ff97da2a000 	C:\WINDOWS\System32\cfgmgr32.dll
0x0000000063f40000 - 0x0000000063f4f000 	C:\Program Files\Java\jre1.8.0_101\bin\verify.dll
0x0000000063f10000 - 0x0000000063f39000 	C:\Program Files\Java\jre1.8.0_101\bin\java.dll
0x0000000062f20000 - 0x0000000062f55000 	C:\Program Files\Java\jre1.8.0_101\bin\jdwp.dll
0x0000000063af0000 - 0x0000000063af8000 	C:\Program Files\Java\jre1.8.0_101\bin\npt.dll
0x0000000063ef0000 - 0x0000000063f06000 	C:\Program Files\Java\jre1.8.0_101\bin\zip.dll
0x00007ff97ed40000 - 0x00007ff980176000 	C:\WINDOWS\System32\SHELL32.dll
0x00007ff97ebc0000 - 0x00007ff97ec66000 	C:\WINDOWS\System32\shcore.dll
0x00007ff97da30000 - 0x00007ff97e177000 	C:\WINDOWS\System32\windows.storage.dll
0x00007ff980180000 - 0x00007ff9801d1000 	C:\WINDOWS\System32\shlwapi.dll
0x00007ff97d160000 - 0x00007ff97d171000 	C:\WINDOWS\System32\kernel.appcore.dll
0x00007ff97d110000 - 0x00007ff97d15c000 	C:\WINDOWS\System32\powrprof.dll
0x00007ff97d0f0000 - 0x00007ff97d10b000 	C:\WINDOWS\System32\profapi.dll
0x0000000062f10000 - 0x0000000062f19000 	C:\Program Files\Java\jre1.8.0_101\bin\dt_socket.dll
0x00007ff96d380000 - 0x00007ff96d396000 	C:\WINDOWS\system32\napinsp.dll
0x00007ff96d340000 - 0x00007ff96d35a000 	C:\WINDOWS\system32\pnrpnsp.dll
0x00007ff979be0000 - 0x00007ff979bf8000 	C:\WINDOWS\system32\NLAapi.dll
0x00007ff97c900000 - 0x00007ff97c966000 	C:\WINDOWS\System32\mswsock.dll
0x00007ff97c6e0000 - 0x00007ff97c796000 	C:\WINDOWS\SYSTEM32\DNSAPI.dll
0x00007ff97ebb0000 - 0x00007ff97ebb8000 	C:\WINDOWS\System32\NSI.dll
0x00007ff97c690000 - 0x00007ff97c6c9000 	C:\WINDOWS\SYSTEM32\IPHLPAPI.DLL
0x00007ff96d310000 - 0x00007ff96d31e000 	C:\WINDOWS\System32\winrnr.dll
0x0000000066400000 - 0x0000000066426000 	C:\Program Files\Bonjour\mdnsNSP.dll
0x00007ff979550000 - 0x00007ff9795c0000 	C:\WINDOWS\System32\fwpuclnt.dll
0x00007ff97cbd0000 - 0x00007ff97cbf5000 	C:\WINDOWS\SYSTEM32\bcrypt.dll
0x00007ff977350000 - 0x00007ff97735a000 	C:\Windows\System32\rasadhlp.dll
0x0000000063e70000 - 0x0000000063e7d000 	C:\Program Files\Java\jre1.8.0_101\bin\management.dll
0x0000000063ed0000 - 0x0000000063eea000 	C:\Program Files\Java\jre1.8.0_101\bin\net.dll
0x0000000063eb0000 - 0x0000000063ec1000 	C:\Program Files\Java\jre1.8.0_101\bin\nio.dll
0x00007ff97cac0000 - 0x00007ff97cad7000 	C:\WINDOWS\SYSTEM32\CRYPTSP.dll
0x00007ff97c500000 - 0x00007ff97c533000 	C:\WINDOWS\system32\rsaenh.dll
0x00007ff97cfd0000 - 0x00007ff97cff9000 	C:\WINDOWS\SYSTEM32\USERENV.dll
0x00007ff97cae0000 - 0x00007ff97caeb000 	C:\WINDOWS\SYSTEM32\CRYPTBASE.dll
0x00007ff979520000 - 0x00007ff979536000 	C:\WINDOWS\SYSTEM32\dhcpcsvc6.DLL
0x00007ff979500000 - 0x00007ff97951a000 	C:\WINDOWS\SYSTEM32\dhcpcsvc.DLL
0x00007ff9710e0000 - 0x00007ff9712a8000 	C:\WINDOWS\SYSTEM32\dbghelp.dll

VM Arguments:
jvm_args: -agentlib:jdwp=transport=dt_socket,suspend=y,address=localhost:60975 -Dcom.sun.management.jmxremote -Dcom.sun.management.jmxremote.port=60974 -Dcom.sun.management.jmxremote.authenticate=false -Dcom.sun.management.jmxremote.ssl=false -Djava.rmi.server.hostname=localhost -Dspring.jmx.enabled=true -Dspring.application.admin.enabled=true -Xverify:none -XX:TieredStopAtLevel=1 -Dfile.encoding=Cp1252 
java_command: com.sifast.cho.process.tracking.web.App --spring.output.ansi.enabled=always
java_class_path (initial): D:\Projet_JAVA\WorkspaceCho\springular-framework-back\springular-framework-web\target\classes;D:\Projet_JAVA\WorkspaceCho\springular-framework-back\springular-framework-persistence\target\classes;D:\Projet_JAVA\WorkspaceCho\springular-framework-back\springular-framework-common\target\classes;C:\Users\ines.mhiri\.m2\repository\javax\interceptor\javax.interceptor-api\1.2\javax.interceptor-api-1.2.jar;C:\Users\ines.mhiri\.m2\repository\junit\junit\4.12\junit-4.12.jar;C:\Users\ines.mhiri\.m2\repository\org\hamcrest\hamcrest-core\1.3\hamcrest-core-1.3.jar;C:\Users\ines.mhiri\.m2\repository\io\springfox\springfox-swagger2\2.9.2\springfox-swagger2-2.9.2.jar;C:\Users\ines.mhiri\.m2\repository\io\swagger\swagger-annotations\1.5.20\swagger-annotations-1.5.20.jar;C:\Users\ines.mhiri\.m2\repository\io\swagger\swagger-models\1.5.20\swagger-models-1.5.20.jar;C:\Users\ines.mhiri\.m2\repository\io\springfox\springfox-spi\2.9.2\springfox-spi-2.9.2.jar;C:\Users\ines.mhiri\.m2\repository\io\springfox\springfox-core\2.9.2\springfox-core-2.9.2.jar;C:\Users\ines.mhiri\.m2\repository\io\springfox\springfox-schema\2.9.2\springfox-schema-2.9.2.jar;C:\Users\ines.mhiri\.m2\repository\io\springfox\springfox-swagger-common\2.9.2\springfox-swagger-common-2.9.2.jar;C:\Users\ines.mhiri\.m2\repository\io\springfox\springfox-spring-web\2.9.2\springfox-spring-web-2.9.2.jar;C:\Users\ines.mhiri\.m2\repository\com\google\guava\guava\20.0\guava-20.0.jar;C:\Users\ines.mhiri\.m2\repository\com\fasterxml\classmate\1.4.0\classmate-1.4.0.jar;C:\Users\ines.mhiri\.m2\repository\org\slf4j\slf4j-api\1.7.25\slf4j-api-1.7.25.jar;C:\Users\ines.mhiri\.m2\repository\org\springframework\plugin\spring-plugin-core\1.2.0.RELEASE\spring-plugin-core-1.2.0.RELEASE.jar;C:\Users\ines.mhiri\.m2\repository\org\springframework\plugin\spring-plugin-metadata\1.2.0.RELEASE\spring-plugin-metadata-1.2.0.RELEASE.jar;C:\Users\ines.mhiri\.m2\repository\org\mapstruct\mapstruct\1.2.0.Final\mapstruct-1.2.0.Final
Launcher Type: SUN_STANDARD

Environment Variables:
JAVA_HOME=C:\Program Files\Java\jdk1.8.0_101
PATH=C:/Program Files/Java/jre1.8.0_101/bin/server;C:/Program Files/Java/jre1.8.0_101/bin;C:/Program Files/Java/jre1.8.0_101/lib/amd64;C:\ProgramData\DockerDesktop\version-bin;C:\Program Files\Docker\Docker\Resources\bin;C:\Program Files (x86)\Python37-32\Scripts\;C:\Program Files (x86)\Python37-32\;C:\ProgramData\Oracle\Java\javapath;C:\WINDOWS\system32;C:\WINDOWS;C:\WINDOWS\System32\Wbem;C:\WINDOWS\System32\WindowsPowerShell\v1.0\;C:\Program Files\Git\cmd;C:\Program Files (x86)\Java\jdk1.8.0_101;C:\Program Files (x86)\GitExtensions\;C:\Program Files (x86)\Microsoft SQL Server\110\Tools\Binn\ManagementStudio\;C:\Program Files (x86)\Microsoft SQL Server\110\Tools\Binn\;C:\Program Files\Microsoft SQL Server\110\Tools\Binn\;C:\Program Files (x86)\Microsoft SQL Server\110\DTS\Binn\;C:\Program Files (x86)\Druide\Antidote 9\Application\Bin64\;C:\Program Files (x86)\Druide\Antidote 9\Application\Bin32\;C:\Program Files\TortoiseSVN\bin;C:\Program Files (x86)\CrSSL\bin;C:\WINDOWS\system32;C:\WINDOWS;C:\WINDOWS\System32\Wbem;C:\WINDOWS\System32\WindowsPowerShell\v1.0\;D:\WORK\TOOLS\apache-maven-3.5.0\bin;C:\Program Files\MySQL\MySQL Utilities 1.6\;D:\apache-maven-3.5.2-bin\apache-maven-3.5.2\bin;C:\Program Files\nodejs\;C:\Users\ines.mhiri\AppData\Local\Microsoft\WindowsApps;C:\Program Files\MySQL\MySQL Server 5.7\bin;;D:\sts-4.3.1.RELEASE;
USERNAME=ines.mhiri
OS=Windows_NT
PROCESSOR_IDENTIFIER=Intel64 Family 6 Model 60 Stepping 3, GenuineIntel



---------------  S Y S T E M  ---------------

OS: Windows 10.0 , 64 bit Build 16299 (10.0.16299.15)

CPU:total 4 (4 cores per cpu, 1 threads per core) family 6 model 60 stepping 3, cmov, cx8, fxsr, mmx, sse, sse2, sse3, ssse3, sse4.1, sse4.2, popcnt, avx, avx2, aes, clmul, erms, lzcnt, tsc, tscinvbit, bmi1, bmi2

Memory: 4k page, physical 12488884k(2127868k free), swap 22450356k(6066856k free)

vm_info: Java HotSpot(TM) 64-Bit Server VM (25.101-b13) for windows-amd64 JRE (1.8.0_101-b13), built on Jun 22 2016 01:21:29 by "java_re" with MS VC++ 10.0 (VS2010)

time: Mon Feb 03 10:22:41 2020
elapsed time: 148 seconds (0d 0h 2m 28s)

